\BOOKMARK [1][-]{section.1}{\376\377\000o\000r\000g\000.\000d\000e\000e\000p\000i\000n\000.\000S\000y\000s\000t\000e\000m\000U\000p\000g\000r\000a\000d\000e\0001\000\040\143\245\123\343}{}% 1
\BOOKMARK [2][-]{subsection.1.1}{\376\377\147\015\122\241\124\015}{section.1}% 2
\BOOKMARK [2][-]{subsection.1.2}{\376\377\133\371\214\141\215\357\137\204}{section.1}% 3
\BOOKMARK [2][-]{subsection.1.3}{\376\377\143\245\123\343\124\015\171\360}{section.1}% 4
\BOOKMARK [3][-]{subsubsection.1.3.1}{\376\377\145\271\154\325}{subsection.1.3}% 5
\BOOKMARK [3][-]{subsubsection.1.3.2}{\376\377\117\341\123\367}{subsection.1.3}% 6
\BOOKMARK [1][-]{section.2}{\376\377\000o\000r\000g\000.\000d\000e\000e\000p\000i\000n\000.\000S\000y\000s\000t\000e\000m\000U\000p\000g\000r\000a\000d\000e\0001\000.\000C\000h\000e\000c\000k\000e\000r\000\040\143\245\123\343}{}% 7
\BOOKMARK [2][-]{subsection.2.1}{\376\377\147\015\122\241\124\015}{section.2}% 8
\BOOKMARK [2][-]{subsection.2.2}{\376\377\133\371\214\141\215\357\137\204}{section.2}% 9
\BOOKMARK [2][-]{subsection.2.3}{\376\377\143\245\123\343\124\015\171\360}{section.2}% 10
\BOOKMARK [3][-]{subsubsection.2.3.1}{\376\377\145\271\154\325}{subsection.2.3}% 11
\BOOKMARK [3][-]{subsubsection.2.3.2}{\376\377\117\341\123\367}{subsection.2.3}% 12
\BOOKMARK [1][-]{section.3}{\376\377\000o\000r\000g\000.\000d\000e\000e\000p\000i\000n\000.\000S\000y\000s\000t\000e\000m\000U\000p\000g\000r\000a\000d\000e\0001\000.\000C\000o\000n\000f\000i\000g\000M\000a\000n\000a\000g\000e\000r\000\040\143\245\123\343}{}% 13
\BOOKMARK [2][-]{subsection.3.1}{\376\377\147\015\122\241\124\015}{section.3}% 14
\BOOKMARK [2][-]{subsection.3.2}{\376\377\133\371\214\141\215\357\137\204}{section.3}% 15
\BOOKMARK [2][-]{subsection.3.3}{\376\377\143\245\123\343\124\015\171\360}{section.3}% 16
\BOOKMARK [3][-]{subsubsection.3.3.1}{\376\377\145\271\154\325}{subsection.3.3}% 17
\BOOKMARK [3][-]{subsubsection.3.3.2}{\376\377\145\271\154\325}{subsection.3.3}% 18
\BOOKMARK [1][-]{section.4}{\376\377\000o\000r\000g\000.\000d\000e\000e\000p\000i\000n\000.\000S\000y\000s\000t\000e\000m\000U\000p\000g\000r\000a\000d\000e\0001\000.\000A\000p\000p\000M\000a\000n\000a\000g\000e\000r\000\040\143\245\123\343}{}% 19
\BOOKMARK [2][-]{subsection.4.1}{\376\377\147\015\122\241\124\015}{section.4}% 20
\BOOKMARK [2][-]{subsection.4.2}{\376\377\133\371\214\141\215\357\137\204}{section.4}% 21
\BOOKMARK [2][-]{subsection.4.3}{\376\377\143\245\123\343\124\015\171\360}{section.4}% 22
\BOOKMARK [3][-]{subsubsection.4.3.1}{\376\377\145\271\154\325}{subsection.4.3}% 23
\BOOKMARK [3][-]{subsubsection.4.3.2}{\376\377\145\271\154\325}{subsection.4.3}% 24
\BOOKMARK [3][-]{subsubsection.4.3.3}{\376\377\117\341\123\367}{subsection.4.3}% 25
\BOOKMARK [1][-]{section.5}{\376\377\000o\000r\000g\000.\000d\000e\000e\000p\000i\000n\000.\000S\000y\000s\000t\000e\000m\000U\000p\000g\000r\000a\000d\000e\0001\000.\000V\000e\000r\000s\000i\000o\000n\000M\000a\000n\000a\000g\000e\000r\000\040\143\245\123\343}{}% 26
\BOOKMARK [2][-]{subsection.5.1}{\376\377\147\015\122\241\124\015}{section.5}% 27
\BOOKMARK [2][-]{subsection.5.2}{\376\377\133\371\214\141\215\357\137\204}{section.5}% 28
\BOOKMARK [2][-]{subsection.5.3}{\376\377\143\245\123\343\124\015\171\360}{section.5}% 29
\BOOKMARK [3][-]{subsubsection.5.3.1}{\376\377\145\271\154\325}{subsection.5.3}% 30
\BOOKMARK [3][-]{subsubsection.5.3.2}{\376\377\117\341\123\367}{subsection.5.3}% 31
